<?xml version="1.0" encoding="UTF-8"?>
<!-- Generated by org.testng.reporters.JUnitReportReporter -->
<testsuite hostname="DESKTOP-HC1O4RU" failures="0" tests="4" name="api.test.UserTest" time="7.871" errors="0" timestamp="2024-05-18T19:03:13 IST" skipped="0">
  <testcase classname="api.test.UserTest" name="testPostUser" time="4.229"/>
  <system-out/>
  <testcase classname="api.test.UserTest" name="testGetUser" time="1.210"/>
  <system-out/>
  <testcase classname="api.test.UserTest" name="testUpdateUser" time="1.229"/>
  <system-out/>
  <testcase classname="api.test.UserTest" name="testDeleteUser" time="1.203"/>
  <system-out/>
</testsuite> <!-- api.test.UserTest -->
