<?xml version="1.0" encoding="UTF-8"?>
<!-- Generated by org.testng.reporters.JUnitReportReporter -->
<testsuite hostname="DESKTOP-HC1O4RU" failures="0" tests="4" name="api.test.UserTest" time="10.137" errors="0" timestamp="2024-05-18T19:21:42 IST" skipped="0">
  <testcase classname="api.test.UserTest" name="testPostUser" time="6.526"/>
  <testcase classname="api.test.UserTest" name="testGetUser" time="1.234"/>
  <testcase classname="api.test.UserTest" name="testUpdateUser" time="1.169"/>
  <testcase classname="api.test.UserTest" name="testDeleteUser" time="1.208"/>
</testsuite> <!-- api.test.UserTest -->
